<?xml version="1.0" encoding="UTF-8"?>
<testsuite name="com.kakaoix.store.member.MemberServiceTest" tests="5" skipped="0" failures="0" errors="0" timestamp="2018-09-02T11:00:32" hostname="namchae" time="0.332">
  <properties/>
  <testcase name="로그인_성공" classname="com.kakaoix.store.member.MemberServiceTest" time="0.117"/>
  <testcase name="로그인_비밀번호틀림_실패" classname="com.kakaoix.store.member.MemberServiceTest" time="0.095"/>
  <testcase name="회원가입_중복가입_실패" classname="com.kakaoix.store.member.MemberServiceTest" time="0.007"/>
  <testcase name="회원가입_성공" classname="com.kakaoix.store.member.MemberServiceTest" time="0.106"/>
  <testcase name="로그인_비밀번호초과_실패" classname="com.kakaoix.store.member.MemberServiceTest" time="0.005"/>
  <system-out><![CDATA[2018-09-02 20:00:32.341  INFO 27909 --- [    Test worker] .b.t.c.SpringBootTestContextBootstrapper : Neither @ContextConfiguration nor @ContextHierarchy found for test class [com.kakaoix.store.member.MemberServiceTest], using SpringBootContextLoader
2018-09-02 20:00:32.342  INFO 27909 --- [    Test worker] o.s.t.c.support.AbstractContextLoader    : Could not detect default resource locations for test class [com.kakaoix.store.member.MemberServiceTest]: no resource found for suffixes {-context.xml, Context.groovy}.
2018-09-02 20:00:32.342  INFO 27909 --- [    Test worker] t.c.s.AnnotationConfigContextLoaderUtils : Could not detect default configuration classes for test class [com.kakaoix.store.member.MemberServiceTest]: MemberServiceTest does not declare any static, non-private, non-final, nested classes annotated with @Configuration.
2018-09-02 20:00:32.344  INFO 27909 --- [    Test worker] .b.t.c.SpringBootTestContextBootstrapper : Found @SpringBootConfiguration com.kakaoix.store.IxOrderApplication for test class com.kakaoix.store.member.MemberServiceTest
2018-09-02 20:00:32.346  INFO 27909 --- [    Test worker] .b.t.c.SpringBootTestContextBootstrapper : Loaded default TestExecutionListener class names from location [META-INF/spring.factories]: [org.springframework.security.test.context.support.WithSecurityContextTestExecutionListener, org.springframework.security.test.context.support.ReactorContextTestExecutionListener, org.springframework.boot.test.autoconfigure.restdocs.RestDocsTestExecutionListener, org.springframework.boot.test.autoconfigure.web.client.MockRestServiceServerResetTestExecutionListener, org.springframework.boot.test.autoconfigure.web.servlet.MockMvcPrintOnlyOnFailureTestExecutionListener, org.springframework.boot.test.autoconfigure.web.servlet.WebDriverTestExecutionListener, org.springframework.boot.test.mock.mockito.MockitoTestExecutionListener, org.springframework.boot.test.mock.mockito.ResetMocksTestExecutionListener, org.springframework.test.context.web.ServletTestExecutionListener, org.springframework.test.context.support.DirtiesContextBeforeModesTestExecutionListener, org.springframework.test.context.support.DependencyInjectionTestExecutionListener, org.springframework.test.context.support.DirtiesContextTestExecutionListener, org.springframework.test.context.transaction.TransactionalTestExecutionListener, org.springframework.test.context.jdbc.SqlScriptsTestExecutionListener]
2018-09-02 20:00:32.346  INFO 27909 --- [    Test worker] .b.t.c.SpringBootTestContextBootstrapper : Using TestExecutionListeners: [org.springframework.test.context.web.ServletTestExecutionListener@704e2db8, org.springframework.test.context.support.DirtiesContextBeforeModesTestExecutionListener@684d73f2, org.springframework.boot.test.mock.mockito.MockitoTestExecutionListener@1caaadb4, org.springframework.boot.test.autoconfigure.SpringBootDependencyInjectionTestExecutionListener@3a60aeb2, org.springframework.test.context.support.DirtiesContextTestExecutionListener@3b4267ab, org.springframework.test.context.transaction.TransactionalTestExecutionListener@389351d2, org.springframework.test.context.jdbc.SqlScriptsTestExecutionListener@719d9c79, org.springframework.security.test.context.support.WithSecurityContextTestExecutionListener@4eb7a9c6, org.springframework.security.test.context.support.ReactorContextTestExecutionListener@66e0f084, org.springframework.boot.test.autoconfigure.restdocs.RestDocsTestExecutionListener@445f304b, org.springframework.boot.test.autoconfigure.web.client.MockRestServiceServerResetTestExecutionListener@593c12ed, org.springframework.boot.test.autoconfigure.web.servlet.MockMvcPrintOnlyOnFailureTestExecutionListener@2ab67995, org.springframework.boot.test.autoconfigure.web.servlet.WebDriverTestExecutionListener@4b33c897, org.springframework.boot.test.mock.mockito.ResetMocksTestExecutionListener@765364d2]
Hibernate: select member0_.member_id as member_i1_0_, member0_.created_at as created_2_0_, member0_.email as email3_0_, member0_.joined as joined4_0_, member0_.nick_name as nick_nam5_0_, member0_.password_failed_count as password6_0_, member0_.password as password7_0_, member0_.update_at as update_a8_0_ from member member0_ where member0_.email=?
Hibernate: select member0_.member_id as member_i1_0_, member0_.created_at as created_2_0_, member0_.email as email3_0_, member0_.joined as joined4_0_, member0_.nick_name as nick_nam5_0_, member0_.password_failed_count as password6_0_, member0_.password as password7_0_, member0_.update_at as update_a8_0_ from member member0_ where member0_.email=?
Hibernate: select member0_.member_id as member_i1_0_, member0_.created_at as created_2_0_, member0_.email as email3_0_, member0_.joined as joined4_0_, member0_.nick_name as nick_nam5_0_, member0_.password_failed_count as password6_0_, member0_.password as password7_0_, member0_.update_at as update_a8_0_ from member member0_ where member0_.email=?
Hibernate: select member0_.member_id as member_i1_0_, member0_.created_at as created_2_0_, member0_.email as email3_0_, member0_.joined as joined4_0_, member0_.nick_name as nick_nam5_0_, member0_.password_failed_count as password6_0_, member0_.password as password7_0_, member0_.update_at as update_a8_0_ from member member0_ where member0_.email=?
Hibernate: select member0_.member_id as member_i1_0_, member0_.created_at as created_2_0_, member0_.email as email3_0_, member0_.joined as joined4_0_, member0_.nick_name as nick_nam5_0_, member0_.password_failed_count as password6_0_, member0_.password as password7_0_, member0_.update_at as update_a8_0_ from member member0_ where member0_.email=?
Hibernate: insert into member (member_id, created_at, email, joined, nick_name, password_failed_count, password, update_at) values (null, ?, ?, ?, ?, ?, ?, ?)
2018-09-02 20:00:32.671  INFO 27909 --- [    Test worker] com.kakaoix.store.member.MemberService   : [5] signUp
Hibernate: select member0_.member_id as member_i1_0_, member0_.created_at as created_2_0_, member0_.email as email3_0_, member0_.joined as joined4_0_, member0_.nick_name as nick_nam5_0_, member0_.password_failed_count as password6_0_, member0_.password as password7_0_, member0_.update_at as update_a8_0_ from member member0_ where member0_.email=?
Hibernate: select member0_.member_id as member_i1_0_, member0_.created_at as created_2_0_, member0_.email as email3_0_, member0_.joined as joined4_0_, member0_.nick_name as nick_nam5_0_, member0_.password_failed_count as password6_0_, member0_.password as password7_0_, member0_.update_at as update_a8_0_ from member member0_ where member0_.email=?
]]></system-out>
  <system-err><![CDATA[]]></system-err>
</testsuite>
